
**** Build of configuration Debug for project UnitBMS_20Ch ****

"C:\\ti\\ccs1040\\ccs\\utils\\bin\\gmake" -k -j 8 all -O 
 
Building file: "../source/DSP2803x_CSMPasswords.asm"
Invoking: C2000 Compiler
"C:/ti/ccs1040/ccs/tools/compiler/ti-cgt-c2000_20.2.5.LTS/bin/cl2000" -v28 -ml -mt --cla_support=cla0 --opt_for_speed=1 --include_path="D:/24_UnitBMS_22Ch/UnitBMS_20Ch" --include_path="D:/24_UnitBMS_22Ch/include" --include_path="C:/ti/ccs1040/ccs/tools/compiler/ti-cgt-c2000_20.2.5.LTS/include" --advice:performance=all -g --diag_warning=225 --diag_wrap=off --display_error_number --abi=coffabi --preproc_with_compile --preproc_dependency="source/DSP2803x_CSMPasswords.d_raw" --obj_directory="source"  "../source/DSP2803x_CSMPasswords.asm"
Finished building: "../source/DSP2803x_CSMPasswords.asm"
 
Building file: "../source/DSP2803x_CodeStartBranch.asm"
Invoking: C2000 Compiler
"C:/ti/ccs1040/ccs/tools/compiler/ti-cgt-c2000_20.2.5.LTS/bin/cl2000" -v28 -ml -mt --cla_support=cla0 --opt_for_speed=1 --include_path="D:/24_UnitBMS_22Ch/UnitBMS_20Ch" --include_path="D:/24_UnitBMS_22Ch/include" --include_path="C:/ti/ccs1040/ccs/tools/compiler/ti-cgt-c2000_20.2.5.LTS/include" --advice:performance=all -g --diag_warning=225 --diag_wrap=off --display_error_number --abi=coffabi --preproc_with_compile --preproc_dependency="source/DSP2803x_CodeStartBranch.d_raw" --obj_directory="source"  "../source/DSP2803x_CodeStartBranch.asm"
Finished building: "../source/DSP2803x_CodeStartBranch.asm"
 
Building file: "../source/DSP2803x_CpuTimers.c"
Invoking: C2000 Compiler
"C:/ti/ccs1040/ccs/tools/compiler/ti-cgt-c2000_20.2.5.LTS/bin/cl2000" -v28 -ml -mt --cla_support=cla0 --opt_for_speed=1 --include_path="D:/24_UnitBMS_22Ch/UnitBMS_20Ch" --include_path="D:/24_UnitBMS_22Ch/include" --include_path="C:/ti/ccs1040/ccs/tools/compiler/ti-cgt-c2000_20.2.5.LTS/include" --advice:performance=all -g --diag_warning=225 --diag_wrap=off --display_error_number --abi=coffabi --preproc_with_compile --preproc_dependency="source/DSP2803x_CpuTimers.d_raw" --obj_directory="source"  "../source/DSP2803x_CpuTimers.c"
Finished building: "../source/DSP2803x_CpuTimers.c"
 
Building file: "../source/DSP2803x_Adc.c"
Invoking: C2000 Compiler
"C:/ti/ccs1040/ccs/tools/compiler/ti-cgt-c2000_20.2.5.LTS/bin/cl2000" -v28 -ml -mt --cla_support=cla0 --opt_for_speed=1 --include_path="D:/24_UnitBMS_22Ch/UnitBMS_20Ch" --include_path="D:/24_UnitBMS_22Ch/include" --include_path="C:/ti/ccs1040/ccs/tools/compiler/ti-cgt-c2000_20.2.5.LTS/include" --advice:performance=all -g --diag_warning=225 --diag_wrap=off --display_error_number --abi=coffabi --preproc_with_compile --preproc_dependency="source/DSP2803x_Adc.d_raw" --obj_directory="source"  "../source/DSP2803x_Adc.c"
Finished building: "../source/DSP2803x_Adc.c"
 
Building file: "../source/DSP2803x_DefaultIsr.c"
Invoking: C2000 Compiler
"C:/ti/ccs1040/ccs/tools/compiler/ti-cgt-c2000_20.2.5.LTS/bin/cl2000" -v28 -ml -mt --cla_support=cla0 --opt_for_speed=1 --include_path="D:/24_UnitBMS_22Ch/UnitBMS_20Ch" --include_path="D:/24_UnitBMS_22Ch/include" --include_path="C:/ti/ccs1040/ccs/tools/compiler/ti-cgt-c2000_20.2.5.LTS/include" --advice:performance=all -g --diag_warning=225 --diag_wrap=off --display_error_number --abi=coffabi --preproc_with_compile --preproc_dependency="source/DSP2803x_DefaultIsr.d_raw" --obj_directory="source"  "../source/DSP2803x_DefaultIsr.c"
Finished building: "../source/DSP2803x_DefaultIsr.c"
 
Building file: "../source/DSP2803x_EQep.c"
Invoking: C2000 Compiler
"C:/ti/ccs1040/ccs/tools/compiler/ti-cgt-c2000_20.2.5.LTS/bin/cl2000" -v28 -ml -mt --cla_support=cla0 --opt_for_speed=1 --include_path="D:/24_UnitBMS_22Ch/UnitBMS_20Ch" --include_path="D:/24_UnitBMS_22Ch/include" --include_path="C:/ti/ccs1040/ccs/tools/compiler/ti-cgt-c2000_20.2.5.LTS/include" --advice:performance=all -g --diag_warning=225 --diag_wrap=off --display_error_number --abi=coffabi --preproc_with_compile --preproc_dependency="source/DSP2803x_EQep.d_raw" --obj_directory="source"  "../source/DSP2803x_EQep.c"
Finished building: "../source/DSP2803x_EQep.c"
 
Building file: "../source/DSP2803x_MemCopy.c"
Invoking: C2000 Compiler
"C:/ti/ccs1040/ccs/tools/compiler/ti-cgt-c2000_20.2.5.LTS/bin/cl2000" -v28 -ml -mt --cla_support=cla0 --opt_for_speed=1 --include_path="D:/24_UnitBMS_22Ch/UnitBMS_20Ch" --include_path="D:/24_UnitBMS_22Ch/include" --include_path="C:/ti/ccs1040/ccs/tools/compiler/ti-cgt-c2000_20.2.5.LTS/include" --advice:performance=all -g --diag_warning=225 --diag_wrap=off --display_error_number --abi=coffabi --preproc_with_compile --preproc_dependency="source/DSP2803x_MemCopy.d_raw" --obj_directory="source"  "../source/DSP2803x_MemCopy.c"
Finished building: "../source/DSP2803x_MemCopy.c"
 
Building file: "../source/DSP2803x_I2C.c"
Invoking: C2000 Compiler
"C:/ti/ccs1040/ccs/tools/compiler/ti-cgt-c2000_20.2.5.LTS/bin/cl2000" -v28 -ml -mt --cla_support=cla0 --opt_for_speed=1 --include_path="D:/24_UnitBMS_22Ch/UnitBMS_20Ch" --include_path="D:/24_UnitBMS_22Ch/include" --include_path="C:/ti/ccs1040/ccs/tools/compiler/ti-cgt-c2000_20.2.5.LTS/include" --advice:performance=all -g --diag_warning=225 --diag_wrap=off --display_error_number --abi=coffabi --preproc_with_compile --preproc_dependency="source/DSP2803x_I2C.d_raw" --obj_directory="source"  "../source/DSP2803x_I2C.c"
Finished building: "../source/DSP2803x_I2C.c"
 
Building file: "../source/DSP2803x_Gpio.c"
Invoking: C2000 Compiler
"C:/ti/ccs1040/ccs/tools/compiler/ti-cgt-c2000_20.2.5.LTS/bin/cl2000" -v28 -ml -mt --cla_support=cla0 --opt_for_speed=1 --include_path="D:/24_UnitBMS_22Ch/UnitBMS_20Ch" --include_path="D:/24_UnitBMS_22Ch/include" --include_path="C:/ti/ccs1040/ccs/tools/compiler/ti-cgt-c2000_20.2.5.LTS/include" --advice:performance=all -g --diag_warning=225 --diag_wrap=off --display_error_number --abi=coffabi --preproc_with_compile --preproc_dependency="source/DSP2803x_Gpio.d_raw" --obj_directory="source"  "../source/DSP2803x_Gpio.c"
Finished building: "../source/DSP2803x_Gpio.c"
 
Building file: "../source/DSP2803x_PieCtrl.c"
Invoking: C2000 Compiler
"C:/ti/ccs1040/ccs/tools/compiler/ti-cgt-c2000_20.2.5.LTS/bin/cl2000" -v28 -ml -mt --cla_support=cla0 --opt_for_speed=1 --include_path="D:/24_UnitBMS_22Ch/UnitBMS_20Ch" --include_path="D:/24_UnitBMS_22Ch/include" --include_path="C:/ti/ccs1040/ccs/tools/compiler/ti-cgt-c2000_20.2.5.LTS/include" --advice:performance=all -g --diag_warning=225 --diag_wrap=off --display_error_number --abi=coffabi --preproc_with_compile --preproc_dependency="source/DSP2803x_PieCtrl.d_raw" --obj_directory="source"  "../source/DSP2803x_PieCtrl.c"
Finished building: "../source/DSP2803x_PieCtrl.c"
 
Building file: "../main.c"
Invoking: C2000 Compiler
"C:/ti/ccs1040/ccs/tools/compiler/ti-cgt-c2000_20.2.5.LTS/bin/cl2000" -v28 -ml -mt --cla_support=cla0 --opt_for_speed=1 --include_path="D:/24_UnitBMS_22Ch/UnitBMS_20Ch" --include_path="D:/24_UnitBMS_22Ch/include" --include_path="C:/ti/ccs1040/ccs/tools/compiler/ti-cgt-c2000_20.2.5.LTS/include" --advice:performance=all -g --diag_warning=225 --diag_wrap=off --display_error_number --abi=coffabi --preproc_with_compile --preproc_dependency="main.d_raw"  "../main.c"
Finished building: "../main.c"
 
Building file: "../source/DSP2803x_GlobalVariableDefs.c"
Invoking: C2000 Compiler
"C:/ti/ccs1040/ccs/tools/compiler/ti-cgt-c2000_20.2.5.LTS/bin/cl2000" -v28 -ml -mt --cla_support=cla0 --opt_for_speed=1 --include_path="D:/24_UnitBMS_22Ch/UnitBMS_20Ch" --include_path="D:/24_UnitBMS_22Ch/include" --include_path="C:/ti/ccs1040/ccs/tools/compiler/ti-cgt-c2000_20.2.5.LTS/include" --advice:performance=all -g --diag_warning=225 --diag_wrap=off --display_error_number --abi=coffabi --preproc_with_compile --preproc_dependency="source/DSP2803x_GlobalVariableDefs.d_raw" --obj_directory="source"  "../source/DSP2803x_GlobalVariableDefs.c"
Finished building: "../source/DSP2803x_GlobalVariableDefs.c"
 
Building file: "../source/DSP2803x_ECan.c"
Invoking: C2000 Compiler
"C:/ti/ccs1040/ccs/tools/compiler/ti-cgt-c2000_20.2.5.LTS/bin/cl2000" -v28 -ml -mt --cla_support=cla0 --opt_for_speed=1 --include_path="D:/24_UnitBMS_22Ch/UnitBMS_20Ch" --include_path="D:/24_UnitBMS_22Ch/include" --include_path="C:/ti/ccs1040/ccs/tools/compiler/ti-cgt-c2000_20.2.5.LTS/include" --advice:performance=all -g --diag_warning=225 --diag_wrap=off --display_error_number --abi=coffabi --preproc_with_compile --preproc_dependency="source/DSP2803x_ECan.d_raw" --obj_directory="source"  "../source/DSP2803x_ECan.c"
Finished building: "../source/DSP2803x_ECan.c"
 
Building file: "../source/DSP2803x_PieVect.c"
Invoking: C2000 Compiler
"C:/ti/ccs1040/ccs/tools/compiler/ti-cgt-c2000_20.2.5.LTS/bin/cl2000" -v28 -ml -mt --cla_support=cla0 --opt_for_speed=1 --include_path="D:/24_UnitBMS_22Ch/UnitBMS_20Ch" --include_path="D:/24_UnitBMS_22Ch/include" --include_path="C:/ti/ccs1040/ccs/tools/compiler/ti-cgt-c2000_20.2.5.LTS/include" --advice:performance=all -g --diag_warning=225 --diag_wrap=off --display_error_number --abi=coffabi --preproc_with_compile --preproc_dependency="source/DSP2803x_PieVect.d_raw" --obj_directory="source"  "../source/DSP2803x_PieVect.c"
Finished building: "../source/DSP2803x_PieVect.c"
 
Building file: "../source/DSP2803x_Spi.c"
Invoking: C2000 Compiler
"C:/ti/ccs1040/ccs/tools/compiler/ti-cgt-c2000_20.2.5.LTS/bin/cl2000" -v28 -ml -mt --cla_support=cla0 --opt_for_speed=1 --include_path="D:/24_UnitBMS_22Ch/UnitBMS_20Ch" --include_path="D:/24_UnitBMS_22Ch/include" --include_path="C:/ti/ccs1040/ccs/tools/compiler/ti-cgt-c2000_20.2.5.LTS/include" --advice:performance=all -g --diag_warning=225 --diag_wrap=off --display_error_number --abi=coffabi --preproc_with_compile --preproc_dependency="source/DSP2803x_Spi.d_raw" --obj_directory="source"  "../source/DSP2803x_Spi.c"
Finished building: "../source/DSP2803x_Spi.c"
 
Building file: "../source/DSP2803x_Sci.c"
Invoking: C2000 Compiler
"C:/ti/ccs1040/ccs/tools/compiler/ti-cgt-c2000_20.2.5.LTS/bin/cl2000" -v28 -ml -mt --cla_support=cla0 --opt_for_speed=1 --include_path="D:/24_UnitBMS_22Ch/UnitBMS_20Ch" --include_path="D:/24_UnitBMS_22Ch/include" --include_path="C:/ti/ccs1040/ccs/tools/compiler/ti-cgt-c2000_20.2.5.LTS/include" --advice:performance=all -g --diag_warning=225 --diag_wrap=off --display_error_number --abi=coffabi --preproc_with_compile --preproc_dependency="source/DSP2803x_Sci.d_raw" --obj_directory="source"  "../source/DSP2803x_Sci.c"
Finished building: "../source/DSP2803x_Sci.c"
 
Building file: "../source/DSP2803x_usDelay.asm"
Invoking: C2000 Compiler
"C:/ti/ccs1040/ccs/tools/compiler/ti-cgt-c2000_20.2.5.LTS/bin/cl2000" -v28 -ml -mt --cla_support=cla0 --opt_for_speed=1 --include_path="D:/24_UnitBMS_22Ch/UnitBMS_20Ch" --include_path="D:/24_UnitBMS_22Ch/include" --include_path="C:/ti/ccs1040/ccs/tools/compiler/ti-cgt-c2000_20.2.5.LTS/include" --advice:performance=all -g --diag_warning=225 --diag_wrap=off --display_error_number --abi=coffabi --preproc_with_compile --preproc_dependency="source/DSP2803x_usDelay.d_raw" --obj_directory="source"  "../source/DSP2803x_usDelay.asm"
Finished building: "../source/DSP2803x_usDelay.asm"
 
Building file: "../source/DSP2803x_SysCtrl.c"
Invoking: C2000 Compiler
"C:/ti/ccs1040/ccs/tools/compiler/ti-cgt-c2000_20.2.5.LTS/bin/cl2000" -v28 -ml -mt --cla_support=cla0 --opt_for_speed=1 --include_path="D:/24_UnitBMS_22Ch/UnitBMS_20Ch" --include_path="D:/24_UnitBMS_22Ch/include" --include_path="C:/ti/ccs1040/ccs/tools/compiler/ti-cgt-c2000_20.2.5.LTS/include" --advice:performance=all -g --diag_warning=225 --diag_wrap=off --display_error_number --abi=coffabi --preproc_with_compile --preproc_dependency="source/DSP2803x_SysCtrl.d_raw" --obj_directory="source"  "../source/DSP2803x_SysCtrl.c"
Finished building: "../source/DSP2803x_SysCtrl.c"
 
Building file: "../source/DSP2803x_DeiveDriver.c"
Invoking: C2000 Compiler
"C:/ti/ccs1040/ccs/tools/compiler/ti-cgt-c2000_20.2.5.LTS/bin/cl2000" -v28 -ml -mt --cla_support=cla0 --opt_for_speed=1 --include_path="D:/24_UnitBMS_22Ch/UnitBMS_20Ch" --include_path="D:/24_UnitBMS_22Ch/include" --include_path="C:/ti/ccs1040/ccs/tools/compiler/ti-cgt-c2000_20.2.5.LTS/include" --advice:performance=all -g --diag_warning=225 --diag_wrap=off --display_error_number --abi=coffabi --preproc_with_compile --preproc_dependency="source/DSP2803x_DeiveDriver.d_raw" --obj_directory="source"  "../source/DSP2803x_DeiveDriver.c"
Finished building: "../source/DSP2803x_DeiveDriver.c"
 
Building file: "../source/DSP28x_Project.c"
Invoking: C2000 Compiler
"C:/ti/ccs1040/ccs/tools/compiler/ti-cgt-c2000_20.2.5.LTS/bin/cl2000" -v28 -ml -mt --cla_support=cla0 --opt_for_speed=1 --include_path="D:/24_UnitBMS_22Ch/UnitBMS_20Ch" --include_path="D:/24_UnitBMS_22Ch/include" --include_path="C:/ti/ccs1040/ccs/tools/compiler/ti-cgt-c2000_20.2.5.LTS/include" --advice:performance=all -g --diag_warning=225 --diag_wrap=off --display_error_number --abi=coffabi --preproc_with_compile --preproc_dependency="source/DSP28x_Project.d_raw" --obj_directory="source"  "../source/DSP28x_Project.c"
"../source/DSP28x_Project.c", line 600: warning #551-D: variable "ECanaShadow" is used before its value is set
Finished building: "../source/DSP28x_Project.c"
 
Building target: "UnitBMS_20Ch230714.out"
Invoking: C2000 Linker
"C:/ti/ccs1040/ccs/tools/compiler/ti-cgt-c2000_20.2.5.LTS/bin/cl2000" -v28 -ml -mt --cla_support=cla0 --opt_for_speed=1 --advice:performance=all -g --diag_warning=225 --diag_wrap=off --display_error_number --abi=coffabi -z -m"UnitBMS_20Ch.map" --stack_size=0x300 --warn_sections -i"D:/24_UnitBMS_22Ch/C283x/DSP2803x_common/cmd" -i"C:/ti/ccs1040/ccs/tools/compiler/ti-cgt-c2000_20.2.5.LTS/include" --reread_libs --diag_wrap=off --display_error_number --xml_link_info="UnitBMS_20Ch_linkInfo.xml" --rom_model -o "UnitBMS_20Ch230714.out" "./main.obj" "./source/DSP2803x_Adc.obj" "./source/DSP2803x_CSMPasswords.obj" "./source/DSP2803x_CodeStartBranch.obj" "./source/DSP2803x_CpuTimers.obj" "./source/DSP2803x_DefaultIsr.obj" "./source/DSP2803x_DeiveDriver.obj" "./source/DSP2803x_ECan.obj" "./source/DSP2803x_EQep.obj" "./source/DSP2803x_GlobalVariableDefs.obj" "./source/DSP2803x_Gpio.obj" "./source/DSP2803x_I2C.obj" "./source/DSP2803x_MemCopy.obj" "./source/DSP2803x_PieCtrl.obj" "./source/DSP2803x_PieVect.obj" "./source/DSP2803x_Sci.obj" "./source/DSP2803x_Spi.obj" "./source/DSP2803x_SysCtrl.obj" "./source/DSP2803x_usDelay.obj" "./source/DSP28x_Project.obj"  -l"C:/ti/ccs1040/ccs/tools/compiler/ti-cgt-c2000_20.2.5.LTS/lib/rts2800_ml.lib" -l"C:/ti/ccs1040/ccs/tools/compiler/ti-cgt-c2000_20.2.5.LTS/lib/libc.a" -l"D:/24_UnitBMS_22Ch/C283x/DSP2803x_common/cmd/DSP2803x_Headers_nonBIOS.cmd" -l"D:/24_UnitBMS_22Ch/C283x/DSP2803x_common/cmd/F28035.cmd" 
<Linking>
Finished building target: "UnitBMS_20Ch230714.out"
 

**** Build Finished ****
